16:57:15 **** Incremental Build of configuration Nios II for project chs_t1_reloj ****
make all 
Info: Building ../chs_t1_reloj_bsp/
C:/intelFPGA/17.1/nios2eds/bin/gnu/H-x86_64-mingw32/bin/make --no-print-directory -C ../chs_t1_reloj_bsp/
[BSP build complete]
Info: Compiling reloj.c to obj/default/reloj.o
nios2-elf-gcc -xc -MP -MMD -c -I../chs_t1_reloj_bsp//HAL/inc -I../chs_t1_reloj_bsp/ -I../chs_t1_reloj_bsp//drivers/inc  -pipe -D__hal__ -DALT_NO_INSTRUCTION_EMULATION -DALT_SINGLE_THREADED    -O0 -g -Wall   -mno-hw-div -mhw-mul -mno-hw-mulx -mgpopt=global  -o obj/default/reloj.o reloj.c
Info: Linking chs_t1_reloj.elf
nios2-elf-g++  -T'../chs_t1_reloj_bsp//linker.x' -msys-crt0='../chs_t1_reloj_bsp//obj/HAL/src/crt0.o' -msys-lib=hal_bsp -L../chs_t1_reloj_bsp/   -Wl,-Map=chs_t1_reloj.map   -O0 -g -Wall   -mno-hw-div -mhw-mul -mno-hw-mulx -mgpopt=global  -o chs_t1_reloj.elf obj/default/reloj.o -lm -msys-lib=m
nios2-elf-insert chs_t1_reloj.elf --thread_model hal --cpu_name cpu --qsys true --simulation_enabled false --id 0 --sidp 0x10001040 --timestamp 1665761409 --stderr_dev jtag_uart --stdin_dev jtag_uart --stdout_dev jtag_uart --sopc_system_name nios_system --quartus_project_dir "C:/Users/jdelpin/Documents/QDesign/CHS_T1_RELOJ/DE2_115_MEDIA_COMPUTER" --jdi ../..//output_files/DE2_115_MEDIA_COMPUTER.jdi --sopcinfo C:/Users/jdelpin/Documents/QDesign/CHS_T1_RELOJ/DE2_115_MEDIA_COMPUTER/software/chs_t1_reloj_bsp/../../nios_system.sopcinfo
Info: (chs_t1_reloj.elf) 91 KBytes program size (code + initialized data).
Info:                    130972 KBytes free for stack + heap.
Info: Creating chs_t1_reloj.objdump
nios2-elf-objdump --disassemble --syms --all-header --source chs_t1_reloj.elf >chs_t1_reloj.objdump
[chs_t1_reloj build complete]
16:57:28 **** Build of configuration Nios II for project chs_t1_reloj ****
make all 
Info: Building ../chs_t1_reloj_bsp/
C:/intelFPGA/17.1/nios2eds/bin/gnu/H-x86_64-mingw32/bin/make --no-print-directory -C ../chs_t1_reloj_bsp/
[BSP build complete]
[chs_t1_reloj build complete]
16:57:29 **** Incremental Build of configuration Nios II for project chs_t1_reloj ****
make all 
Info: Building ../chs_t1_reloj_bsp/
C:/intelFPGA/17.1/nios2eds/bin/gnu/H-x86_64-mingw32/bin/make --no-print-directory -C ../chs_t1_reloj_bsp/
[BSP build complete]
[chs_t1_reloj build complete]
17:00:24 **** Incremental Build of configuration Nios II for project chs_t1_reloj ****
make all 
Info: Building ../chs_t1_reloj_bsp/
C:/intelFPGA/17.1/nios2eds/bin/gnu/H-x86_64-mingw32/bin/make --no-print-directory -C ../chs_t1_reloj_bsp/
[BSP build complete]
Info: Compiling reloj.c to obj/default/reloj.o
nios2-elf-gcc -xc -MP -MMD -c -I../chs_t1_reloj_bsp//HAL/inc -I../chs_t1_reloj_bsp/ -I../chs_t1_reloj_bsp//drivers/inc  -pipe -D__hal__ -DALT_NO_INSTRUCTION_EMULATION -DALT_SINGLE_THREADED    -O0 -g -Wall   -mno-hw-div -mhw-mul -mno-hw-mulx -mgpopt=global  -o obj/default/reloj.o reloj.c
Info: Linking chs_t1_reloj.elf
nios2-elf-g++  -T'../chs_t1_reloj_bsp//linker.x' -msys-crt0='../chs_t1_reloj_bsp//obj/HAL/src/crt0.o' -msys-lib=hal_bsp -L../chs_t1_reloj_bsp/   -Wl,-Map=chs_t1_reloj.map   -O0 -g -Wall   -mno-hw-div -mhw-mul -mno-hw-mulx -mgpopt=global  -o chs_t1_reloj.elf obj/default/reloj.o -lm -msys-lib=m
nios2-elf-insert chs_t1_reloj.elf --thread_model hal --cpu_name cpu --qsys true --simulation_enabled false --id 0 --sidp 0x10001040 --timestamp 1665761409 --stderr_dev jtag_uart --stdin_dev jtag_uart --stdout_dev jtag_uart --sopc_system_name nios_system --quartus_project_dir "C:/Users/jdelpin/Documents/QDesign/CHS_T1_RELOJ/DE2_115_MEDIA_COMPUTER" --jdi ../..//output_files/DE2_115_MEDIA_COMPUTER.jdi --sopcinfo C:/Users/jdelpin/Documents/QDesign/CHS_T1_RELOJ/DE2_115_MEDIA_COMPUTER/software/chs_t1_reloj_bsp/../../nios_system.sopcinfo
Info: (chs_t1_reloj.elf) 91 KBytes program size (code + initialized data).
Info:                    130972 KBytes free for stack + heap.
Info: Creating chs_t1_reloj.objdump
nios2-elf-objdump --disassemble --syms --all-header --source chs_t1_reloj.elf >chs_t1_reloj.objdump
[chs_t1_reloj build complete]
17:00:27 **** Incremental Build of configuration Nios II for project chs_t1_reloj_bsp ****
make all 
[BSP build complete]
17:02:32 **** Incremental Build of configuration Nios II for project chs_t1_reloj ****
make all 
Info: Building ../chs_t1_reloj_bsp/
C:/intelFPGA/17.1/nios2eds/bin/gnu/H-x86_64-mingw32/bin/make --no-print-directory -C ../chs_t1_reloj_bsp/
[BSP build complete]
Info: Compiling reloj.c to obj/default/reloj.o
nios2-elf-gcc -xc -MP -MMD -c -I../chs_t1_reloj_bsp//HAL/inc -I../chs_t1_reloj_bsp/ -I../chs_t1_reloj_bsp//drivers/inc  -pipe -D__hal__ -DALT_NO_INSTRUCTION_EMULATION -DALT_SINGLE_THREADED    -O0 -g -Wall   -mno-hw-div -mhw-mul -mno-hw-mulx -mgpopt=global  -o obj/default/reloj.o reloj.c
Info: Linking chs_t1_reloj.elf
nios2-elf-g++  -T'../chs_t1_reloj_bsp//linker.x' -msys-crt0='../chs_t1_reloj_bsp//obj/HAL/src/crt0.o' -msys-lib=hal_bsp -L../chs_t1_reloj_bsp/   -Wl,-Map=chs_t1_reloj.map   -O0 -g -Wall   -mno-hw-div -mhw-mul -mno-hw-mulx -mgpopt=global  -o chs_t1_reloj.elf obj/default/reloj.o -lm -msys-lib=m
nios2-elf-insert chs_t1_reloj.elf --thread_model hal --cpu_name cpu --qsys true --simulation_enabled false --id 0 --sidp 0x10001040 --timestamp 1665761409 --stderr_dev jtag_uart --stdin_dev jtag_uart --stdout_dev jtag_uart --sopc_system_name nios_system --quartus_project_dir "C:/Users/jdelpin/Documents/QDesign/CHS_T1_RELOJ/DE2_115_MEDIA_COMPUTER" --jdi ../..//output_files/DE2_115_MEDIA_COMPUTER.jdi --sopcinfo C:/Users/jdelpin/Documents/QDesign/CHS_T1_RELOJ/DE2_115_MEDIA_COMPUTER/software/chs_t1_reloj_bsp/../../nios_system.sopcinfo
Info: (chs_t1_reloj.elf) 91 KBytes program size (code + initialized data).
Info:                    130972 KBytes free for stack + heap.
Info: Creating chs_t1_reloj.objdump
nios2-elf-objdump --disassemble --syms --all-header --source chs_t1_reloj.elf >chs_t1_reloj.objdump
[chs_t1_reloj build complete]
17:02:34 **** Incremental Build of configuration Nios II for project chs_t1_reloj_bsp ****
make all 
[BSP build complete]
17:02:41 **** Build of configuration Nios II for project chs_t1_reloj ****
make all 
Info: Building ../chs_t1_reloj_bsp/
C:/intelFPGA/17.1/nios2eds/bin/gnu/H-x86_64-mingw32/bin/make --no-print-directory -C ../chs_t1_reloj_bsp/
[BSP build complete]
[chs_t1_reloj build complete]
17:02:42 **** Incremental Build of configuration Nios II for project chs_t1_reloj ****
make all 
Info: Building ../chs_t1_reloj_bsp/
C:/intelFPGA/17.1/nios2eds/bin/gnu/H-x86_64-mingw32/bin/make --no-print-directory -C ../chs_t1_reloj_bsp/
[BSP build complete]
[chs_t1_reloj build complete]
17:22:23 **** Incremental Build of configuration Nios II for project chs_t1_reloj ****
make all 
Info: Building ../chs_t1_reloj_bsp/
C:/intelFPGA/17.1/nios2eds/bin/gnu/H-x86_64-mingw32/bin/make --no-print-directory -C ../chs_t1_reloj_bsp/
[BSP build complete]
Info: Compiling reloj.c to obj/default/reloj.o
nios2-elf-gcc -xc -MP -MMD -c -I../chs_t1_reloj_bsp//HAL/inc -I../chs_t1_reloj_bsp/ -I../chs_t1_reloj_bsp//drivers/inc  -pipe -D__hal__ -DALT_NO_INSTRUCTION_EMULATION -DALT_SINGLE_THREADED    -O0 -g -Wall   -mno-hw-div -mhw-mul -mno-hw-mulx -mgpopt=global  -o obj/default/reloj.o reloj.c
reloj.c: In function 'color_8_to_16_bits':
reloj.c:466:73: error: expected ')' before ';' token
   r |= ((color_8bits & (1 << i)) | ((color_8bits & (1 << i)) << (i + 1));
                                                                         ^
reloj.c:467:2: error: expected ';' before '}' token
  }
  ^
make: *** [obj/default/reloj.o] Error 1
17:22:24 **** Incremental Build of configuration Nios II for project chs_t1_reloj_bsp ****
make all 
[BSP build complete]
17:23:04 **** Incremental Build of configuration Nios II for project chs_t1_reloj ****
make all 
Info: Building ../chs_t1_reloj_bsp/
C:/intelFPGA/17.1/nios2eds/bin/gnu/H-x86_64-mingw32/bin/make --no-print-directory -C ../chs_t1_reloj_bsp/
[BSP build complete]
Info: Compiling reloj.c to obj/default/reloj.o
nios2-elf-gcc -xc -MP -MMD -c -I../chs_t1_reloj_bsp//HAL/inc -I../chs_t1_reloj_bsp/ -I../chs_t1_reloj_bsp//drivers/inc  -pipe -D__hal__ -DALT_NO_INSTRUCTION_EMULATION -DALT_SINGLE_THREADED    -O0 -g -Wall   -mno-hw-div -mhw-mul -mno-hw-mulx -mgpopt=global  -o obj/default/reloj.o reloj.c
Info: Linking chs_t1_reloj.elf
nios2-elf-g++  -T'../chs_t1_reloj_bsp//linker.x' -msys-crt0='../chs_t1_reloj_bsp//obj/HAL/src/crt0.o' -msys-lib=hal_bsp -L../chs_t1_reloj_bsp/   -Wl,-Map=chs_t1_reloj.map   -O0 -g -Wall   -mno-hw-div -mhw-mul -mno-hw-mulx -mgpopt=global  -o chs_t1_reloj.elf obj/default/reloj.o -lm -msys-lib=m
nios2-elf-insert chs_t1_reloj.elf --thread_model hal --cpu_name cpu --qsys true --simulation_enabled false --id 0 --sidp 0x10001040 --timestamp 1665761409 --stderr_dev jtag_uart --stdin_dev jtag_uart --stdout_dev jtag_uart --sopc_system_name nios_system --quartus_project_dir "C:/Users/jdelpin/Documents/QDesign/CHS_T1_RELOJ/DE2_115_MEDIA_COMPUTER" --jdi ../..//output_files/DE2_115_MEDIA_COMPUTER.jdi --sopcinfo C:/Users/jdelpin/Documents/QDesign/CHS_T1_RELOJ/DE2_115_MEDIA_COMPUTER/software/chs_t1_reloj_bsp/../../nios_system.sopcinfo
Info: (chs_t1_reloj.elf) 92 KBytes program size (code + initialized data).
Info:                    130972 KBytes free for stack + heap.
Info: Creating chs_t1_reloj.objdump
nios2-elf-objdump --disassemble --syms --all-header --source chs_t1_reloj.elf >chs_t1_reloj.objdump
[chs_t1_reloj build complete]
17:23:06 **** Incremental Build of configuration Nios II for project chs_t1_reloj_bsp ****
make all 
[BSP build complete]
17:24:54 **** Incremental Build of configuration Nios II for project chs_t1_reloj ****
make all 
Info: Building ../chs_t1_reloj_bsp/
C:/intelFPGA/17.1/nios2eds/bin/gnu/H-x86_64-mingw32/bin/make --no-print-directory -C ../chs_t1_reloj_bsp/
[BSP build complete]
Info: Compiling reloj.c to obj/default/reloj.o
nios2-elf-gcc -xc -MP -MMD -c -I../chs_t1_reloj_bsp//HAL/inc -I../chs_t1_reloj_bsp/ -I../chs_t1_reloj_bsp//drivers/inc  -pipe -D__hal__ -DALT_NO_INSTRUCTION_EMULATION -DALT_SINGLE_THREADED    -O0 -g -Wall   -mno-hw-div -mhw-mul -mno-hw-mulx -mgpopt=global  -o obj/default/reloj.o reloj.c
Info: Linking chs_t1_reloj.elf
nios2-elf-g++  -T'../chs_t1_reloj_bsp//linker.x' -msys-crt0='../chs_t1_reloj_bsp//obj/HAL/src/crt0.o' -msys-lib=hal_bsp -L../chs_t1_reloj_bsp/   -Wl,-Map=chs_t1_reloj.map   -O0 -g -Wall   -mno-hw-div -mhw-mul -mno-hw-mulx -mgpopt=global  -o chs_t1_reloj.elf obj/default/reloj.o -lm -msys-lib=m
nios2-elf-insert chs_t1_reloj.elf --thread_model hal --cpu_name cpu --qsys true --simulation_enabled false --id 0 --sidp 0x10001040 --timestamp 1665761409 --stderr_dev jtag_uart --stdin_dev jtag_uart --stdout_dev jtag_uart --sopc_system_name nios_system --quartus_project_dir "C:/Users/jdelpin/Documents/QDesign/CHS_T1_RELOJ/DE2_115_MEDIA_COMPUTER" --jdi ../..//output_files/DE2_115_MEDIA_COMPUTER.jdi --sopcinfo C:/Users/jdelpin/Documents/QDesign/CHS_T1_RELOJ/DE2_115_MEDIA_COMPUTER/software/chs_t1_reloj_bsp/../../nios_system.sopcinfo
Info: (chs_t1_reloj.elf) 92 KBytes program size (code + initialized data).
Info:                    130972 KBytes free for stack + heap.
Info: Creating chs_t1_reloj.objdump
nios2-elf-objdump --disassemble --syms --all-header --source chs_t1_reloj.elf >chs_t1_reloj.objdump
[chs_t1_reloj build complete]
17:24:56 **** Incremental Build of configuration Nios II for project chs_t1_reloj_bsp ****
make all 
[BSP build complete]
17:25:14 **** Build of configuration Nios II for project chs_t1_reloj ****
make all 
Info: Building ../chs_t1_reloj_bsp/
C:/intelFPGA/17.1/nios2eds/bin/gnu/H-x86_64-mingw32/bin/make --no-print-directory -C ../chs_t1_reloj_bsp/
[BSP build complete]
[chs_t1_reloj build complete]
17:25:15 **** Incremental Build of configuration Nios II for project chs_t1_reloj ****
make all 
Info: Building ../chs_t1_reloj_bsp/
C:/intelFPGA/17.1/nios2eds/bin/gnu/H-x86_64-mingw32/bin/make --no-print-directory -C ../chs_t1_reloj_bsp/
[BSP build complete]
[chs_t1_reloj build complete]
17:32:09 **** Incremental Build of configuration Nios II for project chs_t1_reloj ****
make all 
Info: Building ../chs_t1_reloj_bsp/
C:/intelFPGA/17.1/nios2eds/bin/gnu/H-x86_64-mingw32/bin/make --no-print-directory -C ../chs_t1_reloj_bsp/
[BSP build complete]
Info: Compiling reloj.c to obj/default/reloj.o
nios2-elf-gcc -xc -MP -MMD -c -I../chs_t1_reloj_bsp//HAL/inc -I../chs_t1_reloj_bsp/ -I../chs_t1_reloj_bsp//drivers/inc  -pipe -D__hal__ -DALT_NO_INSTRUCTION_EMULATION -DALT_SINGLE_THREADED    -O0 -g -Wall   -mno-hw-div -mhw-mul -mno-hw-mulx -mgpopt=global  -o obj/default/reloj.o reloj.c
Info: Linking chs_t1_reloj.elf
nios2-elf-g++  -T'../chs_t1_reloj_bsp//linker.x' -msys-crt0='../chs_t1_reloj_bsp//obj/HAL/src/crt0.o' -msys-lib=hal_bsp -L../chs_t1_reloj_bsp/   -Wl,-Map=chs_t1_reloj.map   -O0 -g -Wall   -mno-hw-div -mhw-mul -mno-hw-mulx -mgpopt=global  -o chs_t1_reloj.elf obj/default/reloj.o -lm -msys-lib=m
nios2-elf-insert chs_t1_reloj.elf --thread_model hal --cpu_name cpu --qsys true --simulation_enabled false --id 0 --sidp 0x10001040 --timestamp 1665761409 --stderr_dev jtag_uart --stdin_dev jtag_uart --stdout_dev jtag_uart --sopc_system_name nios_system --quartus_project_dir "C:/Users/jdelpin/Documents/QDesign/CHS_T1_RELOJ/DE2_115_MEDIA_COMPUTER" --jdi ../..//output_files/DE2_115_MEDIA_COMPUTER.jdi --sopcinfo C:/Users/jdelpin/Documents/QDesign/CHS_T1_RELOJ/DE2_115_MEDIA_COMPUTER/software/chs_t1_reloj_bsp/../../nios_system.sopcinfo
Info: (chs_t1_reloj.elf) 92 KBytes program size (code + initialized data).
Info:                    130972 KBytes free for stack + heap.
Info: Creating chs_t1_reloj.objdump
nios2-elf-objdump --disassemble --syms --all-header --source chs_t1_reloj.elf >chs_t1_reloj.objdump
[chs_t1_reloj build complete]
17:32:11 **** Incremental Build of configuration Nios II for project chs_t1_reloj_bsp ****
make all 
[BSP build complete]
17:34:38 **** Incremental Build of configuration Nios II for project chs_t1_reloj ****
make all 
Info: Building ../chs_t1_reloj_bsp/
C:/intelFPGA/17.1/nios2eds/bin/gnu/H-x86_64-mingw32/bin/make --no-print-directory -C ../chs_t1_reloj_bsp/
[BSP build complete]
[chs_t1_reloj build complete]
17:34:39 **** Incremental Build of configuration Nios II for project chs_t1_reloj_bsp ****
make all 
[BSP build complete]
17:34:55 **** Build of configuration Nios II for project chs_t1_reloj ****
make all 
Info: Building ../chs_t1_reloj_bsp/
C:/intelFPGA/17.1/nios2eds/bin/gnu/H-x86_64-mingw32/bin/make --no-print-directory -C ../chs_t1_reloj_bsp/
[BSP build complete]
[chs_t1_reloj build complete]
17:34:56 **** Incremental Build of configuration Nios II for project chs_t1_reloj ****
make all 
Info: Building ../chs_t1_reloj_bsp/
C:/intelFPGA/17.1/nios2eds/bin/gnu/H-x86_64-mingw32/bin/make --no-print-directory -C ../chs_t1_reloj_bsp/
[BSP build complete]
[chs_t1_reloj build complete]
17:39:16 **** Build of configuration Nios II for project chs_t1_reloj ****
make all 
Info: Building ../chs_t1_reloj_bsp/
C:/intelFPGA/17.1/nios2eds/bin/gnu/H-x86_64-mingw32/bin/make --no-print-directory -C ../chs_t1_reloj_bsp/
[BSP build complete]
[chs_t1_reloj build complete]
17:39:17 **** Incremental Build of configuration Nios II for project chs_t1_reloj ****
make all 
Info: Building ../chs_t1_reloj_bsp/
C:/intelFPGA/17.1/nios2eds/bin/gnu/H-x86_64-mingw32/bin/make --no-print-directory -C ../chs_t1_reloj_bsp/
[BSP build complete]
[chs_t1_reloj build complete]
