18:33:09 **** Build of configuration Nios II for project nios_software ****
make all 
Info: Building C:/Users/dagarbl2/Documents/GitHub/proyecto_CHS/software/nios_software_bsp/
C:/intelFPGA/17.1/nios2eds/bin/gnu/H-x86_64-mingw32/bin/make --no-print-directory -C C:/Users/dagarbl2/Documents/GitHub/proyecto_CHS/software/nios_software_bsp/
[BSP build complete]
Info: Compiling hello_ucosii.c to obj/default/hello_ucosii.o
nios2-elf-gcc -xc -MP -MMD -c -IC:/Users/dagarbl2/Documents/GitHub/proyecto_CHS/software/nios_software_bsp//UCOSII/inc -IC:/Users/dagarbl2/Documents/GitHub/proyecto_CHS/software/nios_software_bsp//HAL/inc -IC:/Users/dagarbl2/Documents/GitHub/proyecto_CHS/software/nios_software_bsp/ -IC:/Users/dagarbl2/Documents/GitHub/proyecto_CHS/software/nios_software_bsp//drivers/inc  -pipe -D__hal__ -DALT_NO_INSTRUCTION_EMULATION -D__ucosii__    -O0 -g -Wall   -mno-hw-div -mhw-mul -mno-hw-mulx -mgpopt=global  -o obj/default/hello_ucosii.o hello_ucosii.c
Info: Linking nios_software.elf
nios2-elf-g++  -T'C:/Users/dagarbl2/Documents/GitHub/proyecto_CHS/software/nios_software_bsp//linker.x' -msys-crt0='C:/Users/dagarbl2/Documents/GitHub/proyecto_CHS/software/nios_software_bsp//obj/HAL/src/crt0.o' -msys-lib=ucosii_bsp -LC:/Users/dagarbl2/Documents/GitHub/proyecto_CHS/software/nios_software_bsp/   -Wl,-Map=nios_software.map   -O0 -g -Wall   -mno-hw-div -mhw-mul -mno-hw-mulx -mgpopt=global  -o nios_software.elf obj/default/hello_ucosii.o -lm -msys-lib=m
nios2-elf-insert nios_software.elf --thread_model ucosii --cpu_name cpu --qsys true --simulation_enabled false --id 0 --sidp 0x10001040 --timestamp 1675443415 --stderr_dev jtag_uart --stdin_dev jtag_uart --stdout_dev jtag_uart --sopc_system_name nios_system --quartus_project_dir "c:/Users/dagarbl2/Documents/GitHub/proyecto_CHS/hardware/main_project" --jdi C:/Users/dagarbl2/Documents/GitHub/proyecto_CHS/hardware/main_project//output_files/DE2_115_MEDIA_COMPUTER.jdi --sopcinfo C:/Users/dagarbl2/Documents/GitHub/proyecto_CHS/hardware/main_project/nios_system.sopcinfo
Info: (nios_software.elf) 107 KBytes program size (code + initialized data).
Info:                     130956 KBytes free for stack + heap.
Info: Creating nios_software.objdump
nios2-elf-objdump --disassemble --syms --all-header --source nios_software.elf >nios_software.objdump
[nios_software build complete]
18:33:20 **** Build of configuration Nios II for project nios_software ****
make all 
Info: Building C:/Users/dagarbl2/Documents/GitHub/proyecto_CHS/software/nios_software_bsp/
C:/intelFPGA/17.1/nios2eds/bin/gnu/H-x86_64-mingw32/bin/make --no-print-directory -C C:/Users/dagarbl2/Documents/GitHub/proyecto_CHS/software/nios_software_bsp/
[BSP build complete]
[nios_software build complete]
18:33:45 **** Incremental Build of configuration Nios II for project nios_software ****
make all 
Info: Building C:/Users/dagarbl2/Documents/GitHub/proyecto_CHS/software/nios_software_bsp/
C:/intelFPGA/17.1/nios2eds/bin/gnu/H-x86_64-mingw32/bin/make --no-print-directory -C C:/Users/dagarbl2/Documents/GitHub/proyecto_CHS/software/nios_software_bsp/
[BSP build complete]
[nios_software build complete]
18:34:42 **** Incremental Build of configuration Nios II for project nios_software ****
make all 
Info: Building C:/Users/dagarbl2/Documents/GitHub/proyecto_CHS/software/nios_software_bsp/
C:/intelFPGA/17.1/nios2eds/bin/gnu/H-x86_64-mingw32/bin/make --no-print-directory -C C:/Users/dagarbl2/Documents/GitHub/proyecto_CHS/software/nios_software_bsp/
[BSP build complete]
Info: Compiling main.c to obj/default/main.o
nios2-elf-gcc -xc -MP -MMD -c -IC:/Users/dagarbl2/Documents/GitHub/proyecto_CHS/software/nios_software_bsp//UCOSII/inc -IC:/Users/dagarbl2/Documents/GitHub/proyecto_CHS/software/nios_software_bsp//HAL/inc -IC:/Users/dagarbl2/Documents/GitHub/proyecto_CHS/software/nios_software_bsp/ -IC:/Users/dagarbl2/Documents/GitHub/proyecto_CHS/software/nios_software_bsp//drivers/inc  -pipe -D__hal__ -DALT_NO_INSTRUCTION_EMULATION -D__ucosii__    -O0 -g -Wall   -mno-hw-div -mhw-mul -mno-hw-mulx -mgpopt=global  -o obj/default/main.o main.c
main.c: In function 'main':
main.c:6:2: warning: implicit declaration of function 'Init_App' [-Wimplicit-function-declaration]
  Init_App();
  ^
Info: Compiling src/alt_ucosii_simple_error_check.c to obj/default/src/alt_ucosii_simple_error_check.o
nios2-elf-gcc -xc -MP -MMD -c -IC:/Users/dagarbl2/Documents/GitHub/proyecto_CHS/software/nios_software_bsp//UCOSII/inc -IC:/Users/dagarbl2/Documents/GitHub/proyecto_CHS/software/nios_software_bsp//HAL/inc -IC:/Users/dagarbl2/Documents/GitHub/proyecto_CHS/software/nios_software_bsp/ -IC:/Users/dagarbl2/Documents/GitHub/proyecto_CHS/software/nios_software_bsp//drivers/inc  -pipe -D__hal__ -DALT_NO_INSTRUCTION_EMULATION -D__ucosii__    -O0 -g -Wall   -mno-hw-div -mhw-mul -mno-hw-mulx -mgpopt=global  -o obj/default/src/alt_ucosii_simple_error_check.o src/alt_ucosii_simple_error_check.c
Info: Compiling src/app_config.c to obj/default/src/app_config.o
nios2-elf-gcc -xc -MP -MMD -c -IC:/Users/dagarbl2/Documents/GitHub/proyecto_CHS/software/nios_software_bsp//UCOSII/inc -IC:/Users/dagarbl2/Documents/GitHub/proyecto_CHS/software/nios_software_bsp//HAL/inc -IC:/Users/dagarbl2/Documents/GitHub/proyecto_CHS/software/nios_software_bsp/ -IC:/Users/dagarbl2/Documents/GitHub/proyecto_CHS/software/nios_software_bsp//drivers/inc  -pipe -D__hal__ -DALT_NO_INSTRUCTION_EMULATION -D__ucosii__    -O0 -g -Wall   -mno-hw-div -mhw-mul -mno-hw-mulx -mgpopt=global  -o obj/default/src/app_config.o src/app_config.c
Info: Compiling src/task_config.c to obj/default/src/task_config.o
nios2-elf-gcc -xc -MP -MMD -c -IC:/Users/dagarbl2/Documents/GitHub/proyecto_CHS/software/nios_software_bsp//UCOSII/inc -IC:/Users/dagarbl2/Documents/GitHub/proyecto_CHS/software/nios_software_bsp//HAL/inc -IC:/Users/dagarbl2/Documents/GitHub/proyecto_CHS/software/nios_software_bsp/ -IC:/Users/dagarbl2/Documents/GitHub/proyecto_CHS/software/nios_software_bsp//drivers/inc  -pipe -D__hal__ -DALT_NO_INSTRUCTION_EMULATION -D__ucosii__    -O0 -g -Wall   -mno-hw-div -mhw-mul -mno-hw-mulx -mgpopt=global  -o obj/default/src/task_config.o src/task_config.c
Info: Linking nios_software.elf
nios2-elf-g++  -T'C:/Users/dagarbl2/Documents/GitHub/proyecto_CHS/software/nios_software_bsp//linker.x' -msys-crt0='C:/Users/dagarbl2/Documents/GitHub/proyecto_CHS/software/nios_software_bsp//obj/HAL/src/crt0.o' -msys-lib=ucosii_bsp -LC:/Users/dagarbl2/Documents/GitHub/proyecto_CHS/software/nios_software_bsp/   -Wl,-Map=nios_software.map   -O0 -g -Wall   -mno-hw-div -mhw-mul -mno-hw-mulx -mgpopt=global  -o nios_software.elf obj/default/main.o obj/default/src/alt_ucosii_simple_error_check.o obj/default/src/app_config.o obj/default/src/task_config.o -lm -msys-lib=m
nios2-elf-insert nios_software.elf --thread_model ucosii --cpu_name cpu --qsys true --simulation_enabled false --id 0 --sidp 0x10001040 --timestamp 1675443415 --stderr_dev jtag_uart --stdin_dev jtag_uart --stdout_dev jtag_uart --sopc_system_name nios_system --quartus_project_dir "c:/Users/dagarbl2/Documents/GitHub/proyecto_CHS/hardware/main_project" --jdi C:/Users/dagarbl2/Documents/GitHub/proyecto_CHS/hardware/main_project//output_files/DE2_115_MEDIA_COMPUTER.jdi --sopcinfo C:/Users/dagarbl2/Documents/GitHub/proyecto_CHS/hardware/main_project/nios_system.sopcinfo
Info: (nios_software.elf) 141 KBytes program size (code + initialized data).
Info:                     130922 KBytes free for stack + heap.
Info: Creating nios_software.objdump
nios2-elf-objdump --disassemble --syms --all-header --source nios_software.elf >nios_software.objdump
[nios_software build complete]
18:34:45 **** Incremental Build of configuration Nios II for project nios_software_bsp ****
make all 
[BSP build complete]
18:35:02 **** Build of configuration Nios II for project nios_software ****
make all 
Info: Building C:/Users/dagarbl2/Documents/GitHub/proyecto_CHS/software/nios_software_bsp/
C:/intelFPGA/17.1/nios2eds/bin/gnu/H-x86_64-mingw32/bin/make --no-print-directory -C C:/Users/dagarbl2/Documents/GitHub/proyecto_CHS/software/nios_software_bsp/
[BSP build complete]
[nios_software build complete]
18:35:04 **** Incremental Build of configuration Nios II for project nios_software ****
make all 
Info: Building C:/Users/dagarbl2/Documents/GitHub/proyecto_CHS/software/nios_software_bsp/
C:/intelFPGA/17.1/nios2eds/bin/gnu/H-x86_64-mingw32/bin/make --no-print-directory -C C:/Users/dagarbl2/Documents/GitHub/proyecto_CHS/software/nios_software_bsp/
[BSP build complete]
[nios_software build complete]
