Flow report for video_ip
Fri Feb 03 17:46:49 2023
Quartus Prime Version 17.1.1 Internal Build 593 12/11/2017 SJ Standard Edition


---------------------
; Table of Contents ;
---------------------
  1. Legal Notice
  2. Flow Summary
  3. Flow Settings
  4. Flow Non-Default Global Settings
  5. Flow Elapsed Time
  6. Flow OS Summary
  7. Flow Log
  8. Flow Messages
  9. Flow Suppressed Messages



----------------
; Legal Notice ;
----------------
Copyright (C) 2017  Intel Corporation. All rights reserved.
Your use of Intel Corporation's design tools, logic functions 
and other software and tools, and its AMPP partner logic 
functions, and any output files from any of the foregoing 
(including device programming or simulation files), and any 
associated documentation or information are expressly subject 
to the terms and conditions of the Intel Program License 
Subscription Agreement, the Intel Quartus Prime License Agreement,
the Intel FPGA IP License Agreement, or other applicable license
agreement, including, without limitation, that your use is for
the sole purpose of programming logic devices manufactured by
Intel and sold by Intel or its authorized distributors.  Please
refer to the applicable agreement for further details.



+-----------------------------------------------------------------------------------------------+
; Flow Summary                                                                                  ;
+------------------------------------+----------------------------------------------------------+
; Flow Status                        ; Successful - Fri Feb 03 17:46:49 2023                    ;
; Quartus Prime Version              ; 17.1.1 Internal Build 593 12/11/2017 SJ Standard Edition ;
; Revision Name                      ; video_ip                                                 ;
; Top-level Entity Name              ; video_ip                                                 ;
; Family                             ; Cyclone IV E                                             ;
; Device                             ; EP4CE115F29C7                                            ;
; Timing Models                      ; Final                                                    ;
; Total logic elements               ; 232 / 114,480 ( < 1 % )                                  ;
;     Total combinational functions  ; 169 / 114,480 ( < 1 % )                                  ;
;     Dedicated logic registers      ; 217 / 114,480 ( < 1 % )                                  ;
; Total registers                    ; 217                                                      ;
; Total pins                         ; 112 / 529 ( 21 % )                                       ;
; Total virtual pins                 ; 0                                                        ;
; Total memory bits                  ; 0 / 3,981,312 ( 0 % )                                    ;
; Embedded Multiplier 9-bit elements ; 0 / 532 ( 0 % )                                          ;
; Total PLLs                         ; 0 / 4 ( 0 % )                                            ;
+------------------------------------+----------------------------------------------------------+


+-----------------------------------------+
; Flow Settings                           ;
+-------------------+---------------------+
; Option            ; Setting             ;
+-------------------+---------------------+
; Start date & time ; 02/03/2023 17:46:07 ;
; Main task         ; Compilation         ;
; Revision Name     ; video_ip            ;
+-------------------+---------------------+


+-----------------------------------------------------------------------------------------------------------------------------+
; Flow Non-Default Global Settings                                                                                            ;
+-------------------------------------+----------------------------------------+---------------+-------------+----------------+
; Assignment Name                     ; Value                                  ; Default Value ; Entity Name ; Section Id     ;
+-------------------------------------+----------------------------------------+---------------+-------------+----------------+
; COMPILER_SIGNATURE_ID               ; 242211430917590.167544276605088        ; --            ; --          ; --             ;
; EDA_OUTPUT_DATA_FORMAT              ; Verilog Hdl                            ; --            ; --          ; eda_simulation ;
; EDA_SIMULATION_TOOL                 ; ModelSim-Altera (Verilog)              ; <None>        ; --          ; --             ;
; EDA_TIME_SCALE                      ; 1 ps                                   ; --            ; --          ; eda_simulation ;
; MAX_CORE_JUNCTION_TEMP              ; 85                                     ; --            ; --          ; --             ;
; MIN_CORE_JUNCTION_TEMP              ; 0                                      ; --            ; --          ; --             ;
; NOMINAL_CORE_SUPPLY_VOLTAGE         ; 1.2V                                   ; --            ; --          ; --             ;
; PARTITION_COLOR                     ; -- (Not supported for targeted family) ; --            ; --          ; Top            ;
; PARTITION_FITTER_PRESERVATION_LEVEL ; -- (Not supported for targeted family) ; --            ; --          ; Top            ;
; PARTITION_NETLIST_TYPE              ; -- (Not supported for targeted family) ; --            ; --          ; Top            ;
; POWER_BOARD_THERMAL_MODEL           ; None (CONSERVATIVE)                    ; --            ; --          ; --             ;
; POWER_PRESET_COOLING_SOLUTION       ; 23 MM HEAT SINK WITH 200 LFPM AIRFLOW  ; --            ; --          ; --             ;
; PROJECT_OUTPUT_DIRECTORY            ; output_files                           ; --            ; --          ; --             ;
+-------------------------------------+----------------------------------------+---------------+-------------+----------------+


+-------------------------------------------------------------------------------------------------------------------------------+
; Flow Elapsed Time                                                                                                             ;
+---------------------------+--------------+-------------------------+---------------------+------------------------------------+
; Module Name               ; Elapsed Time ; Average Processors Used ; Peak Virtual Memory ; Total CPU Time (on all processors) ;
+---------------------------+--------------+-------------------------+---------------------+------------------------------------+
; Analysis & Synthesis      ; 00:00:11     ; 1.0                     ; 4770 MB             ; 00:00:25                           ;
; Fitter                    ; 00:00:21     ; 1.0                     ; 5752 MB             ; 00:00:28                           ;
; Assembler                 ; 00:00:03     ; 1.0                     ; 4682 MB             ; 00:00:03                           ;
; TimeQuest Timing Analyzer ; 00:00:03     ; 1.0                     ; 4845 MB             ; 00:00:02                           ;
; EDA Netlist Writer        ; 00:00:01     ; 1.0                     ; 4651 MB             ; 00:00:01                           ;
; Total                     ; 00:00:39     ; --                      ; --                  ; 00:00:59                           ;
+---------------------------+--------------+-------------------------+---------------------+------------------------------------+


+-----------------------------------------------------------------------------------------+
; Flow OS Summary                                                                         ;
+---------------------------+------------------+------------+------------+----------------+
; Module Name               ; Machine Hostname ; OS Name    ; OS Version ; Processor type ;
+---------------------------+------------------+------------+------------+----------------+
; Analysis & Synthesis      ; labpro09         ; Windows 10 ; 10.0       ; x86_64         ;
; Fitter                    ; labpro09         ; Windows 10 ; 10.0       ; x86_64         ;
; Assembler                 ; labpro09         ; Windows 10 ; 10.0       ; x86_64         ;
; TimeQuest Timing Analyzer ; labpro09         ; Windows 10 ; 10.0       ; x86_64         ;
; EDA Netlist Writer        ; labpro09         ; Windows 10 ; 10.0       ; x86_64         ;
+---------------------------+------------------+------------+------------+----------------+


------------
; Flow Log ;
------------
quartus_map --read_settings_files=on --write_settings_files=off video_ip -c video_ip
quartus_fit --read_settings_files=off --write_settings_files=off video_ip -c video_ip
quartus_asm --read_settings_files=off --write_settings_files=off video_ip -c video_ip
quartus_sta video_ip -c video_ip
quartus_eda --read_settings_files=off --write_settings_files=off video_ip -c video_ip



